CoyoteBrowser/app/build/intermediates/manifest_merge_blame_file/debug/manifest-merger-blame-debug-report.txt
1<?xml version="1.0" encoding="utf-8"?>
2<manifest xmlns:android="http://schemas.android.com/apk/res/android"
3    package="com.example.coyotebrowser"
4    android:versionCode="1"
5    android:versionName="1.0" >
6
7    <uses-sdk
8        android:minSdkVersion="21"
8-->src\main\AndroidManifest.xml
9        android:targetSdkVersion="32" />
9-->src\main\AndroidManifest.xml
10
11    <uses-permission android:name="android.permission.INTERNET" />
11-->src\main\AndroidManifest.xml:6:5-67
11-->src\main\AndroidManifest.xml:6:22-64
12    <uses-permission android:name="android.permission.ACCESS_NETWORK_STATE" />
12-->src\main\AndroidManifest.xml:7:5-79
12-->src\main\AndroidManifest.xml:7:22-76
13
14    <application
14-->src\main\AndroidManifest.xml:9:5-51:19
15        android:allowBackup="true"
15-->src\main\AndroidManifest.xml:10:9-35
16        android:appComponentFactory="androidx.core.app.CoreComponentFactory"
16-->[androidx.core:core:1.8.0] AndroidManifest.xml:24:18-86
17        android:debuggable="true"
18        android:icon="@mipmap/ic_launcher"
18-->src\main\AndroidManifest.xml:11:9-43
19        android:label="@string/app_name"
19-->src\main\AndroidManifest.xml:12:9-41
20        android:roundIcon="@mipmap/ic_launcher_round"
20-->src\main\AndroidManifest.xml:13:9-54
21        android:supportsRtl="true"
21-->src\main\AndroidManifest.xml:14:9-35
22        android:testOnly="true"
23        android:theme="@style/Theme.ETBrowser"
23-->src\main\AndroidManifest.xml:15:9-47
24        android:usesCleartextTraffic="true" >
24-->src\main\AndroidManifest.xml:16:9-44
25        <activity
25-->src\main\AndroidManifest.xml:17:9-25:20
26            android:name="com.example.coyotebrowser.mainpage"
26-->src\main\AndroidManifest.xml:18:13-37
27            android:exported="true" >
27-->src\main\AndroidManifest.xml:19:13-36
28            <meta-data
28-->src\main\AndroidManifest.xml:22:13-24:36
29                android:name="android.app.lib_name"
29-->src\main\AndroidManifest.xml:23:17-52
30                android:value="" />
30-->src\main\AndroidManifest.xml:24:17-33
31        </activity>
32        <activity
32-->src\main\AndroidManifest.xml:26:9-29:45
33            android:name="com.example.coyotebrowser.AdBlocker"
33-->src\main\AndroidManifest.xml:27:13-38
34            android:exported="false" />
34-->src\main\AndroidManifest.xml:28:13-37
35        <activity
35-->src\main\AndroidManifest.xml:30:9-39:20
36            android:name="com.example.coyotebrowser.SplashActivity"
36-->src\main\AndroidManifest.xml:31:13-43
37            android:exported="true" >
37-->src\main\AndroidManifest.xml:32:13-36
38            <intent-filter>
38-->src\main\AndroidManifest.xml:34:13-38:29
39                <action android:name="android.intent.action.MAIN" />
39-->src\main\AndroidManifest.xml:35:17-69
39-->src\main\AndroidManifest.xml:35:25-66
40
41                <category android:name="android.intent.category.LAUNCHER" />
41-->src\main\AndroidManifest.xml:37:17-77
41-->src\main\AndroidManifest.xml:37:27-74
42            </intent-filter>
43        </activity>
44        <activity
44-->src\main\AndroidManifest.xml:42:9-46:20
45            android:name="com.example.coyotebrowser.MainActivity"
45-->src\main\AndroidManifest.xml:43:13-41
46            android:exported="true" >
46-->src\main\AndroidManifest.xml:44:13-36
47        </activity>
48
49        <meta-data
49-->src\main\AndroidManifest.xml:48:9-50:57
50            android:name="preloaded_fonts"
50-->src\main\AndroidManifest.xml:49:13-43
51            android:resource="@array/preloaded_fonts" />
51-->src\main\AndroidManifest.xml:50:13-54
52
53        <provider
53-->[androidx.emoji2:emoji2:1.2.0] AndroidManifest.xml:24:9-32:20
54            android:name="androidx.startup.InitializationProvider"
54-->[androidx.emoji2:emoji2:1.2.0] AndroidManifest.xml:25:13-67
55            android:authorities="com.example.coyotebrowser.androidx-startup"
55-->[androidx.emoji2:emoji2:1.2.0] AndroidManifest.xml:26:13-68
56            android:exported="false" >
56-->[androidx.emoji2:emoji2:1.2.0] AndroidManifest.xml:27:13-37
57            <meta-data
57-->[androidx.emoji2:emoji2:1.2.0] AndroidManifest.xml:29:13-31:52
58                android:name="androidx.emoji2.text.EmojiCompatInitializer"
58-->[androidx.emoji2:emoji2:1.2.0] AndroidManifest.xml:30:17-75
59                android:value="androidx.startup" />
59-->[androidx.emoji2:emoji2:1.2.0] AndroidManifest.xml:31:17-49
60            <meta-data
60-->[androidx.lifecycle:lifecycle-process:2.4.1] AndroidManifest.xml:31:13-33:52
61                android:name="androidx.lifecycle.ProcessLifecycleInitializer"
61-->[androidx.lifecycle:lifecycle-process:2.4.1] AndroidManifest.xml:32:17-78
62                android:value="androidx.startup" />
62-->[androidx.lifecycle:lifecycle-process:2.4.1] AndroidManifest.xml:33:17-49
63        </provider>
64    </application>
65
66</manifest>